<?xml version="1.0" encoding="UTF-8"?>
<testsuite xmlns:xsi="http://www.w3.org/2001/XMLSchema-instance" xsi:noNamespaceSchemaLocation="https://maven.apache.org/surefire/maven-surefire-plugin/xsd/surefire-test-report.xsd" name="com.factorypattern.db.DBConnectionFactoryTest" time="0.126" tests="15" errors="0" skipped="0" failures="0">
  <properties>
    <property name="java.specification.version" value="21"/>
    <property name="sun.jnu.encoding" value="UTF-8"/>
    <property name="java.class.path" value="/home/jaganathan/AI/Week-2/Task-2/FactoryPattern/target/test-classes:/home/jaganathan/AI/Week-2/Task-2/FactoryPattern/target/classes:/home/jaganathan/.m2/repository/org/junit/jupiter/junit-jupiter/5.8.2/junit-jupiter-5.8.2.jar:/home/jaganathan/.m2/repository/org/junit/jupiter/junit-jupiter-params/5.8.2/junit-jupiter-params-5.8.2.jar:/home/jaganathan/.m2/repository/org/junit/jupiter/junit-jupiter-api/5.8.2/junit-jupiter-api-5.8.2.jar:/home/jaganathan/.m2/repository/org/opentest4j/opentest4j/1.2.0/opentest4j-1.2.0.jar:/home/jaganathan/.m2/repository/org/junit/platform/junit-platform-commons/1.8.2/junit-platform-commons-1.8.2.jar:/home/jaganathan/.m2/repository/org/apiguardian/apiguardian-api/1.1.2/apiguardian-api-1.1.2.jar:/home/jaganathan/.m2/repository/org/junit/jupiter/junit-jupiter-engine/5.8.2/junit-jupiter-engine-5.8.2.jar:/home/jaganathan/.m2/repository/org/junit/platform/junit-platform-engine/1.8.2/junit-platform-engine-1.8.2.jar:"/>
    <property name="java.vm.vendor" value="Ubuntu"/>
    <property name="sun.arch.data.model" value="64"/>
    <property name="java.vendor.url" value="https://ubuntu.com/"/>
    <property name="os.name" value="Linux"/>
    <property name="java.vm.specification.version" value="21"/>
    <property name="sun.java.launcher" value="SUN_STANDARD"/>
    <property name="user.country" value="US"/>
    <property name="sun.boot.library.path" value="/usr/lib/jvm/java-21-openjdk-amd64/lib"/>
    <property name="sun.java.command" value="/home/jaganathan/AI/Week-2/Task-2/FactoryPattern/target/surefire/surefirebooter2277848784413774119.jar /home/jaganathan/AI/Week-2/Task-2/FactoryPattern/target/surefire 2025-06-30T03-15-19_727-jvmRun1 surefire1584569288728887869tmp surefire_016409346209551183198tmp"/>
    <property name="jdk.debug" value="release"/>
    <property name="surefire.test.class.path" value="/home/jaganathan/AI/Week-2/Task-2/FactoryPattern/target/test-classes:/home/jaganathan/AI/Week-2/Task-2/FactoryPattern/target/classes:/home/jaganathan/.m2/repository/org/junit/jupiter/junit-jupiter/5.8.2/junit-jupiter-5.8.2.jar:/home/jaganathan/.m2/repository/org/junit/jupiter/junit-jupiter-params/5.8.2/junit-jupiter-params-5.8.2.jar:/home/jaganathan/.m2/repository/org/junit/jupiter/junit-jupiter-api/5.8.2/junit-jupiter-api-5.8.2.jar:/home/jaganathan/.m2/repository/org/opentest4j/opentest4j/1.2.0/opentest4j-1.2.0.jar:/home/jaganathan/.m2/repository/org/junit/platform/junit-platform-commons/1.8.2/junit-platform-commons-1.8.2.jar:/home/jaganathan/.m2/repository/org/apiguardian/apiguardian-api/1.1.2/apiguardian-api-1.1.2.jar:/home/jaganathan/.m2/repository/org/junit/jupiter/junit-jupiter-engine/5.8.2/junit-jupiter-engine-5.8.2.jar:/home/jaganathan/.m2/repository/org/junit/platform/junit-platform-engine/1.8.2/junit-platform-engine-1.8.2.jar:"/>
    <property name="sun.cpu.endian" value="little"/>
    <property name="user.home" value="/home/jaganathan"/>
    <property name="user.language" value="en"/>
    <property name="java.specification.vendor" value="Oracle Corporation"/>
    <property name="java.version.date" value="2025-04-15"/>
    <property name="java.home" value="/usr/lib/jvm/java-21-openjdk-amd64"/>
    <property name="file.separator" value="/"/>
    <property name="basedir" value="/home/jaganathan/AI/Week-2/Task-2/FactoryPattern"/>
    <property name="java.vm.compressedOopsMode" value="Zero based"/>
    <property name="line.separator" value="&#10;"/>
    <property name="java.specification.name" value="Java Platform API Specification"/>
    <property name="java.vm.specification.vendor" value="Oracle Corporation"/>
    <property name="surefire.real.class.path" value="/home/jaganathan/AI/Week-2/Task-2/FactoryPattern/target/surefire/surefirebooter2277848784413774119.jar"/>
    <property name="sun.management.compiler" value="HotSpot 64-Bit Tiered Compilers"/>
    <property name="java.runtime.version" value="21.0.7+6-Ubuntu-0ubuntu122.04"/>
    <property name="user.name" value="jaganathan"/>
    <property name="stdout.encoding" value="UTF-8"/>
    <property name="path.separator" value=":"/>
    <property name="os.version" value="6.8.0-60-generic"/>
    <property name="java.runtime.name" value="OpenJDK Runtime Environment"/>
    <property name="file.encoding" value="UTF-8"/>
    <property name="java.vm.name" value="OpenJDK 64-Bit Server VM"/>
    <property name="localRepository" value="/home/jaganathan/.m2/repository"/>
    <property name="java.vendor.url.bug" value="https://bugs.launchpad.net/ubuntu/+source/openjdk-21"/>
    <property name="java.io.tmpdir" value="/tmp"/>
    <property name="java.version" value="21.0.7"/>
    <property name="user.dir" value="/home/jaganathan/AI/Week-2/Task-2/FactoryPattern"/>
    <property name="os.arch" value="amd64"/>
    <property name="java.vm.specification.name" value="Java Virtual Machine Specification"/>
    <property name="native.encoding" value="UTF-8"/>
    <property name="java.library.path" value="/tmp/.mount_CursorYRm7Vq/usr/lib/:/tmp/.mount_CursorYRm7Vq/usr/lib32/:/tmp/.mount_CursorYRm7Vq/usr/lib64/:/tmp/.mount_CursorYRm7Vq/lib/:/tmp/.mount_CursorYRm7Vq/lib/i386-linux-gnu/:/tmp/.mount_CursorYRm7Vq/lib/x86_64-linux-gnu/:/tmp/.mount_CursorYRm7Vq/lib/aarch64-linux-gnu/:/tmp/.mount_CursorYRm7Vq/lib32/:/tmp/.mount_CursorYRm7Vq/lib64/::/usr/java/packages/lib:/usr/lib/x86_64-linux-gnu/jni:/lib/x86_64-linux-gnu:/usr/lib/x86_64-linux-gnu:/usr/lib/jni:/lib:/usr/lib"/>
    <property name="java.vm.info" value="mixed mode, sharing"/>
    <property name="stderr.encoding" value="UTF-8"/>
    <property name="java.vendor" value="Ubuntu"/>
    <property name="java.vm.version" value="21.0.7+6-Ubuntu-0ubuntu122.04"/>
    <property name="sun.io.unicode.encoding" value="UnicodeLittle"/>
    <property name="java.class.version" value="65.0"/>
  </properties>
  <testcase name="testCreateOracleConnection" classname="com.factorypattern.db.DBConnectionFactoryTest" time="0.054"/>
  <testcase name="testCreateConnectionFromConfigWithEmptyString" classname="com.factorypattern.db.DBConnectionFactoryTest" time="0.005"/>
  <testcase name="testCreateConnectionFromConfigOracle" classname="com.factorypattern.db.DBConnectionFactoryTest" time="0.003"/>
  <testcase name="testCreateConnectionWithNullType" classname="com.factorypattern.db.DBConnectionFactoryTest" time="0.005"/>
  <testcase name="testCreateConnectionFromConfigWithNullString" classname="com.factorypattern.db.DBConnectionFactoryTest" time="0.002"/>
  <testcase name="testGetSupportedTypes" classname="com.factorypattern.db.DBConnectionFactoryTest" time="0.003"/>
  <testcase name="testCreateConnectionFromConfigMySQL" classname="com.factorypattern.db.DBConnectionFactoryTest" time="0.002"/>
  <testcase name="testCreatePostgreSQLConnection" classname="com.factorypattern.db.DBConnectionFactoryTest" time="0.002"/>
  <testcase name="testIsSupported" classname="com.factorypattern.db.DBConnectionFactoryTest" time="0.002"/>
  <testcase name="testCreateConnectionFromConfigWithInvalidPort" classname="com.factorypattern.db.DBConnectionFactoryTest" time="0.003"/>
  <testcase name="testCreateConnectionFromConfigWithInvalidType" classname="com.factorypattern.db.DBConnectionFactoryTest" time="0.001"/>
  <testcase name="testCreateConnectionFromConfigWithInvalidFormat" classname="com.factorypattern.db.DBConnectionFactoryTest" time="0.002"/>
  <testcase name="testConnectionStringFormats" classname="com.factorypattern.db.DBConnectionFactoryTest" time="0.001"/>
  <testcase name="testCreateMySQLConnection" classname="com.factorypattern.db.DBConnectionFactoryTest" time="0.001"/>
  <testcase name="testCreateConnectionFromConfigPostgreSQL" classname="com.factorypattern.db.DBConnectionFactoryTest" time="0.001"/>
</testsuite>