<?xml version="1.0" encoding="UTF-8"?>
<testsuite xmlns:xsi="http://www.w3.org/2001/XMLSchema-instance" xsi:noNamespaceSchemaLocation="https://maven.apache.org/surefire/maven-surefire-plugin/xsd/surefire-test-report-3.0.xsd" version="3.0" name="com.lms.user.controller.AuthControllerTest" time="1.695" tests="4" errors="0" skipped="0" failures="4">
  <properties>
    <property name="java.specification.version" value="21"/>
    <property name="sun.jnu.encoding" value="UTF-8"/>
    <property name="java.class.path" value="/home/jaganathan/AI/Week-6/lms-backend/user-service/target/test-classes:/home/jaganathan/AI/Week-6/lms-backend/user-service/target/classes:/home/jaganathan/.m2/repository/org/springframework/cloud/spring-cloud-starter-netflix-eureka-client/4.1.0/spring-cloud-starter-netflix-eureka-client-4.1.0.jar:/home/jaganathan/.m2/repository/org/springframework/cloud/spring-cloud-starter/4.1.0/spring-cloud-starter-4.1.0.jar:/home/jaganathan/.m2/repository/org/springframework/cloud/spring-cloud-context/4.1.0/spring-cloud-context-4.1.0.jar:/home/jaganathan/.m2/repository/org/springframework/cloud/spring-cloud-commons/4.1.0/spring-cloud-commons-4.1.0.jar:/home/jaganathan/.m2/repository/org/springframework/security/spring-security-rsa/1.1.1/spring-security-rsa-1.1.1.jar:/home/jaganathan/.m2/repository/org/bouncycastle/bcprov-jdk18on/1.74/bcprov-jdk18on-1.74.jar:/home/jaganathan/.m2/repository/org/springframework/cloud/spring-cloud-netflix-eureka-client/4.1.0/spring-cloud-netflix-eureka-client-4.1.0.jar:/home/jaganathan/.m2/repository/org/apache/httpcomponents/client5/httpclient5/5.2.1/httpclient5-5.2.1.jar:/home/jaganathan/.m2/repository/org/apache/httpcomponents/core5/httpcore5/5.2.3/httpcore5-5.2.3.jar:/home/jaganathan/.m2/repository/org/apache/httpcomponents/core5/httpcore5-h2/5.2.3/httpcore5-h2-5.2.3.jar:/home/jaganathan/.m2/repository/com/netflix/eureka/eureka-client/2.0.1/eureka-client-2.0.1.jar:/home/jaganathan/.m2/repository/com/netflix/netflix-commons/netflix-eventbus/0.3.0/netflix-eventbus-0.3.0.jar:/home/jaganathan/.m2/repository/com/netflix/netflix-commons/netflix-infix/0.3.0/netflix-infix-0.3.0.jar:/home/jaganathan/.m2/repository/commons-jxpath/commons-jxpath/1.3/commons-jxpath-1.3.jar:/home/jaganathan/.m2/repository/joda-time/joda-time/2.3/joda-time-2.3.jar:/home/jaganathan/.m2/repository/org/antlr/antlr-runtime/3.4/antlr-runtime-3.4.jar:/home/jaganathan/.m2/repository/org/antlr/stringtemplate/3.2.1/stringtemplate-3.2.1.jar:/home/jaganathan/.m2/repository/antlr/antlr/2.7.7/antlr-2.7.7.jar:/home/jaganathan/.m2/repository/com/google/code/gson/gson/2.10.1/gson-2.10.1.jar:/home/jaganathan/.m2/repository/org/apache/commons/commons-math/2.2/commons-math-2.2.jar:/home/jaganathan/.m2/repository/com/thoughtworks/xstream/xstream/1.4.19/xstream-1.4.19.jar:/home/jaganathan/.m2/repository/io/github/x-stream/mxparser/1.2.2/mxparser-1.2.2.jar:/home/jaganathan/.m2/repository/xmlpull/xmlpull/1.1.3.1/xmlpull-1.1.3.1.jar:/home/jaganathan/.m2/repository/jakarta/ws/rs/jakarta.ws.rs-api/3.1.0/jakarta.ws.rs-api-3.1.0.jar:/home/jaganathan/.m2/repository/jakarta/inject/jakarta.inject-api/2.0.1/jakarta.inject-api-2.0.1.jar:/home/jaganathan/.m2/repository/jakarta/annotation/jakarta.annotation-api/2.1.1/jakarta.annotation-api-2.1.1.jar:/home/jaganathan/.m2/repository/com/netflix/servo/servo-core/0.12.21/servo-core-0.12.21.jar:/home/jaganathan/.m2/repository/com/google/guava/guava/19.0/guava-19.0.jar:/home/jaganathan/.m2/repository/org/apache/httpcomponents/httpclient/4.5.3/httpclient-4.5.3.jar:/home/jaganathan/.m2/repository/org/apache/httpcomponents/httpcore/4.4.16/httpcore-4.4.16.jar:/home/jaganathan/.m2/repository/commons-codec/commons-codec/1.16.0/commons-codec-1.16.0.jar:/home/jaganathan/.m2/repository/commons-configuration/commons-configuration/1.10/commons-configuration-1.10.jar:/home/jaganathan/.m2/repository/commons-lang/commons-lang/2.6/commons-lang-2.6.jar:/home/jaganathan/.m2/repository/com/fasterxml/jackson/core/jackson-annotations/2.15.3/jackson-annotations-2.15.3.jar:/home/jaganathan/.m2/repository/com/fasterxml/jackson/core/jackson-core/2.15.3/jackson-core-2.15.3.jar:/home/jaganathan/.m2/repository/org/codehaus/jettison/jettison/1.4.0/jettison-1.4.0.jar:/home/jaganathan/.m2/repository/com/netflix/eureka/eureka-core/2.0.1/eureka-core-2.0.1.jar:/home/jaganathan/.m2/repository/com/fasterxml/woodstox/woodstox-core/6.2.1/woodstox-core-6.2.1.jar:/home/jaganathan/.m2/repository/org/codehaus/woodstox/stax2-api/4.2.1/stax2-api-4.2.1.jar:/home/jaganathan/.m2/repository/org/springframework/cloud/spring-cloud-starter-loadbalancer/4.1.0/spring-cloud-starter-loadbalancer-4.1.0.jar:/home/jaganathan/.m2/repository/org/springframework/cloud/spring-cloud-loadbalancer/4.1.0/spring-cloud-loadbalancer-4.1.0.jar:/home/jaganathan/.m2/repository/io/projectreactor/addons/reactor-extra/3.5.1/reactor-extra-3.5.1.jar:/home/jaganathan/.m2/repository/org/springframework/boot/spring-boot-starter-cache/3.2.0/spring-boot-starter-cache-3.2.0.jar:/home/jaganathan/.m2/repository/com/stoyanr/evictor/1.0.0/evictor-1.0.0.jar:/home/jaganathan/.m2/repository/org/springframework/boot/spring-boot-starter-data-redis/3.2.0/spring-boot-starter-data-redis-3.2.0.jar:/home/jaganathan/.m2/repository/org/springframework/boot/spring-boot-starter/3.2.0/spring-boot-starter-3.2.0.jar:/home/jaganathan/.m2/repository/org/springframework/boot/spring-boot/3.2.0/spring-boot-3.2.0.jar:/home/jaganathan/.m2/repository/org/springframework/boot/spring-boot-autoconfigure/3.2.0/spring-boot-autoconfigure-3.2.0.jar:/home/jaganathan/.m2/repository/org/springframework/boot/spring-boot-starter-logging/3.2.0/spring-boot-starter-logging-3.2.0.jar:/home/jaganathan/.m2/repository/ch/qos/logback/logback-classic/1.4.11/logback-classic-1.4.11.jar:/home/jaganathan/.m2/repository/ch/qos/logback/logback-core/1.4.11/logback-core-1.4.11.jar:/home/jaganathan/.m2/repository/org/apache/logging/log4j/log4j-to-slf4j/2.21.1/log4j-to-slf4j-2.21.1.jar:/home/jaganathan/.m2/repository/org/apache/logging/log4j/log4j-api/2.21.1/log4j-api-2.21.1.jar:/home/jaganathan/.m2/repository/org/slf4j/jul-to-slf4j/2.0.9/jul-to-slf4j-2.0.9.jar:/home/jaganathan/.m2/repository/org/yaml/snakeyaml/2.2/snakeyaml-2.2.jar:/home/jaganathan/.m2/repository/io/lettuce/lettuce-core/6.3.0.RELEASE/lettuce-core-6.3.0.RELEASE.jar:/home/jaganathan/.m2/repository/io/netty/netty-common/4.1.101.Final/netty-common-4.1.101.Final.jar:/home/jaganathan/.m2/repository/io/netty/netty-handler/4.1.101.Final/netty-handler-4.1.101.Final.jar:/home/jaganathan/.m2/repository/io/netty/netty-resolver/4.1.101.Final/netty-resolver-4.1.101.Final.jar:/home/jaganathan/.m2/repository/io/netty/netty-buffer/4.1.101.Final/netty-buffer-4.1.101.Final.jar:/home/jaganathan/.m2/repository/io/netty/netty-transport-native-unix-common/4.1.101.Final/netty-transport-native-unix-common-4.1.101.Final.jar:/home/jaganathan/.m2/repository/io/netty/netty-codec/4.1.101.Final/netty-codec-4.1.101.Final.jar:/home/jaganathan/.m2/repository/io/netty/netty-transport/4.1.101.Final/netty-transport-4.1.101.Final.jar:/home/jaganathan/.m2/repository/org/springframework/data/spring-data-redis/3.2.0/spring-data-redis-3.2.0.jar:/home/jaganathan/.m2/repository/org/springframework/data/spring-data-keyvalue/3.2.0/spring-data-keyvalue-3.2.0.jar:/home/jaganathan/.m2/repository/org/springframework/spring-tx/6.1.1/spring-tx-6.1.1.jar:/home/jaganathan/.m2/repository/org/springframework/spring-oxm/6.1.1/spring-oxm-6.1.1.jar:/home/jaganathan/.m2/repository/org/springframework/spring-context-support/6.1.1/spring-context-support-6.1.1.jar:/home/jaganathan/.m2/repository/org/springframework/boot/spring-boot-starter-amqp/3.2.0/spring-boot-starter-amqp-3.2.0.jar:/home/jaganathan/.m2/repository/org/springframework/spring-messaging/6.1.1/spring-messaging-6.1.1.jar:/home/jaganathan/.m2/repository/org/springframework/spring-beans/6.1.1/spring-beans-6.1.1.jar:/home/jaganathan/.m2/repository/org/springframework/amqp/spring-rabbit/3.1.0/spring-rabbit-3.1.0.jar:/home/jaganathan/.m2/repository/org/springframework/amqp/spring-amqp/3.1.0/spring-amqp-3.1.0.jar:/home/jaganathan/.m2/repository/org/springframework/retry/spring-retry/2.0.4/spring-retry-2.0.4.jar:/home/jaganathan/.m2/repository/com/rabbitmq/amqp-client/5.19.0/amqp-client-5.19.0.jar:/home/jaganathan/.m2/repository/org/springframework/spring-context/6.1.1/spring-context-6.1.1.jar:/home/jaganathan/.m2/repository/org/springframework/security/spring-security-crypto/6.2.0/spring-security-crypto-6.2.0.jar:/home/jaganathan/.m2/repository/org/springframework/boot/spring-boot-starter-webflux/3.2.0/spring-boot-starter-webflux-3.2.0.jar:/home/jaganathan/.m2/repository/org/springframework/boot/spring-boot-starter-json/3.2.0/spring-boot-starter-json-3.2.0.jar:/home/jaganathan/.m2/repository/com/fasterxml/jackson/datatype/jackson-datatype-jdk8/2.15.3/jackson-datatype-jdk8-2.15.3.jar:/home/jaganathan/.m2/repository/com/fasterxml/jackson/datatype/jackson-datatype-jsr310/2.15.3/jackson-datatype-jsr310-2.15.3.jar:/home/jaganathan/.m2/repository/com/fasterxml/jackson/module/jackson-module-parameter-names/2.15.3/jackson-module-parameter-names-2.15.3.jar:/home/jaganathan/.m2/repository/org/springframework/boot/spring-boot-starter-reactor-netty/3.2.0/spring-boot-starter-reactor-netty-3.2.0.jar:/home/jaganathan/.m2/repository/io/projectreactor/netty/reactor-netty-http/1.1.13/reactor-netty-http-1.1.13.jar:/home/jaganathan/.m2/repository/io/netty/netty-codec-http/4.1.101.Final/netty-codec-http-4.1.101.Final.jar:/home/jaganathan/.m2/repository/io/netty/netty-codec-http2/4.1.101.Final/netty-codec-http2-4.1.101.Final.jar:/home/jaganathan/.m2/repository/io/netty/netty-resolver-dns/4.1.101.Final/netty-resolver-dns-4.1.101.Final.jar:/home/jaganathan/.m2/repository/io/netty/netty-codec-dns/4.1.101.Final/netty-codec-dns-4.1.101.Final.jar:/home/jaganathan/.m2/repository/io/netty/netty-resolver-dns-native-macos/4.1.101.Final/netty-resolver-dns-native-macos-4.1.101.Final-osx-x86_64.jar:/home/jaganathan/.m2/repository/io/netty/netty-resolver-dns-classes-macos/4.1.101.Final/netty-resolver-dns-classes-macos-4.1.101.Final.jar:/home/jaganathan/.m2/repository/io/netty/netty-transport-native-epoll/4.1.101.Final/netty-transport-native-epoll-4.1.101.Final-linux-x86_64.jar:/home/jaganathan/.m2/repository/io/netty/netty-transport-classes-epoll/4.1.101.Final/netty-transport-classes-epoll-4.1.101.Final.jar:/home/jaganathan/.m2/repository/io/projectreactor/netty/reactor-netty-core/1.1.13/reactor-netty-core-1.1.13.jar:/home/jaganathan/.m2/repository/io/netty/netty-handler-proxy/4.1.101.Final/netty-handler-proxy-4.1.101.Final.jar:/home/jaganathan/.m2/repository/io/netty/netty-codec-socks/4.1.101.Final/netty-codec-socks-4.1.101.Final.jar:/home/jaganathan/.m2/repository/org/springframework/spring-web/6.1.1/spring-web-6.1.1.jar:/home/jaganathan/.m2/repository/org/springframework/spring-webflux/6.1.1/spring-webflux-6.1.1.jar:/home/jaganathan/.m2/repository/org/springframework/boot/spring-boot-starter-data-r2dbc/3.2.0/spring-boot-starter-data-r2dbc-3.2.0.jar:/home/jaganathan/.m2/repository/org/springframework/data/spring-data-r2dbc/3.2.0/spring-data-r2dbc-3.2.0.jar:/home/jaganathan/.m2/repository/org/springframework/data/spring-data-relational/3.2.0/spring-data-relational-3.2.0.jar:/home/jaganathan/.m2/repository/com/github/jsqlparser/jsqlparser/4.6/jsqlparser-4.6.jar:/home/jaganathan/.m2/repository/org/springframework/data/spring-data-commons/3.2.0/spring-data-commons-3.2.0.jar:/home/jaganathan/.m2/repository/org/springframework/spring-jdbc/6.1.1/spring-jdbc-6.1.1.jar:/home/jaganathan/.m2/repository/org/springframework/spring-r2dbc/6.1.1/spring-r2dbc-6.1.1.jar:/home/jaganathan/.m2/repository/io/r2dbc/r2dbc-spi/1.0.0.RELEASE/r2dbc-spi-1.0.0.RELEASE.jar:/home/jaganathan/.m2/repository/org/reactivestreams/reactive-streams/1.0.4/reactive-streams-1.0.4.jar:/home/jaganathan/.m2/repository/io/r2dbc/r2dbc-pool/1.0.1.RELEASE/r2dbc-pool-1.0.1.RELEASE.jar:/home/jaganathan/.m2/repository/io/projectreactor/addons/reactor-pool/1.0.3/reactor-pool-1.0.3.jar:/home/jaganathan/.m2/repository/org/springframework/boot/spring-boot-starter-validation/3.2.0/spring-boot-starter-validation-3.2.0.jar:/home/jaganathan/.m2/repository/org/apache/tomcat/embed/tomcat-embed-el/10.1.16/tomcat-embed-el-10.1.16.jar:/home/jaganathan/.m2/repository/org/hibernate/validator/hibernate-validator/8.0.1.Final/hibernate-validator-8.0.1.Final.jar:/home/jaganathan/.m2/repository/jakarta/validation/jakarta.validation-api/3.0.2/jakarta.validation-api-3.0.2.jar:/home/jaganathan/.m2/repository/org/jboss/logging/jboss-logging/3.5.3.Final/jboss-logging-3.5.3.Final.jar:/home/jaganathan/.m2/repository/com/fasterxml/classmate/1.6.0/classmate-1.6.0.jar:/home/jaganathan/.m2/repository/org/springframework/boot/spring-boot-starter-security/3.2.0/spring-boot-starter-security-3.2.0.jar:/home/jaganathan/.m2/repository/org/springframework/spring-aop/6.1.1/spring-aop-6.1.1.jar:/home/jaganathan/.m2/repository/org/springframework/security/spring-security-config/6.2.0/spring-security-config-6.2.0.jar:/home/jaganathan/.m2/repository/org/springframework/security/spring-security-core/6.2.0/spring-security-core-6.2.0.jar:/home/jaganathan/.m2/repository/org/springframework/security/spring-security-web/6.2.0/spring-security-web-6.2.0.jar:/home/jaganathan/.m2/repository/org/springframework/spring-expression/6.1.1/spring-expression-6.1.1.jar:/home/jaganathan/.m2/repository/org/springframework/boot/spring-boot-starter-actuator/3.2.0/spring-boot-starter-actuator-3.2.0.jar:/home/jaganathan/.m2/repository/org/springframework/boot/spring-boot-actuator-autoconfigure/3.2.0/spring-boot-actuator-autoconfigure-3.2.0.jar:/home/jaganathan/.m2/repository/org/springframework/boot/spring-boot-actuator/3.2.0/spring-boot-actuator-3.2.0.jar:/home/jaganathan/.m2/repository/io/micrometer/micrometer-observation/1.12.0/micrometer-observation-1.12.0.jar:/home/jaganathan/.m2/repository/io/micrometer/micrometer-commons/1.12.0/micrometer-commons-1.12.0.jar:/home/jaganathan/.m2/repository/io/micrometer/micrometer-jakarta9/1.12.0/micrometer-jakarta9-1.12.0.jar:/home/jaganathan/.m2/repository/org/springframework/boot/spring-boot-starter-websocket/3.2.0/spring-boot-starter-websocket-3.2.0.jar:/home/jaganathan/.m2/repository/org/springframework/boot/spring-boot-starter-web/3.2.0/spring-boot-starter-web-3.2.0.jar:/home/jaganathan/.m2/repository/org/springframework/boot/spring-boot-starter-tomcat/3.2.0/spring-boot-starter-tomcat-3.2.0.jar:/home/jaganathan/.m2/repository/org/apache/tomcat/embed/tomcat-embed-core/10.1.16/tomcat-embed-core-10.1.16.jar:/home/jaganathan/.m2/repository/org/apache/tomcat/embed/tomcat-embed-websocket/10.1.16/tomcat-embed-websocket-10.1.16.jar:/home/jaganathan/.m2/repository/org/springframework/spring-webmvc/6.1.1/spring-webmvc-6.1.1.jar:/home/jaganathan/.m2/repository/org/springframework/spring-websocket/6.1.1/spring-websocket-6.1.1.jar:/home/jaganathan/.m2/repository/org/postgresql/postgresql/42.6.0/postgresql-42.6.0.jar:/home/jaganathan/.m2/repository/org/checkerframework/checker-qual/3.31.0/checker-qual-3.31.0.jar:/home/jaganathan/.m2/repository/io/jsonwebtoken/jjwt-api/0.11.5/jjwt-api-0.11.5.jar:/home/jaganathan/.m2/repository/io/jsonwebtoken/jjwt-impl/0.11.5/jjwt-impl-0.11.5.jar:/home/jaganathan/.m2/repository/io/jsonwebtoken/jjwt-jackson/0.11.5/jjwt-jackson-0.11.5.jar:/home/jaganathan/.m2/repository/com/fasterxml/jackson/core/jackson-databind/2.15.3/jackson-databind-2.15.3.jar:/home/jaganathan/.m2/repository/io/github/resilience4j/resilience4j-spring-boot3/2.1.0/resilience4j-spring-boot3-2.1.0.jar:/home/jaganathan/.m2/repository/io/github/resilience4j/resilience4j-spring6/2.1.0/resilience4j-spring6-2.1.0.jar:/home/jaganathan/.m2/repository/io/github/resilience4j/resilience4j-annotations/2.1.0/resilience4j-annotations-2.1.0.jar:/home/jaganathan/.m2/repository/io/github/resilience4j/resilience4j-consumer/2.1.0/resilience4j-consumer-2.1.0.jar:/home/jaganathan/.m2/repository/io/github/resilience4j/resilience4j-circularbuffer/2.1.0/resilience4j-circularbuffer-2.1.0.jar:/home/jaganathan/.m2/repository/io/github/resilience4j/resilience4j-framework-common/2.1.0/resilience4j-framework-common-2.1.0.jar:/home/jaganathan/.m2/repository/org/slf4j/slf4j-api/2.0.9/slf4j-api-2.0.9.jar:/home/jaganathan/.m2/repository/io/github/resilience4j/resilience4j-micrometer/2.1.0/resilience4j-micrometer-2.1.0.jar:/home/jaganathan/.m2/repository/io/github/resilience4j/resilience4j-all/2.1.0/resilience4j-all-2.1.0.jar:/home/jaganathan/.m2/repository/io/github/resilience4j/resilience4j-ratelimiter/2.1.0/resilience4j-ratelimiter-2.1.0.jar:/home/jaganathan/.m2/repository/io/github/resilience4j/resilience4j-core/2.1.0/resilience4j-core-2.1.0.jar:/home/jaganathan/.m2/repository/io/github/resilience4j/resilience4j-circuitbreaker/2.1.0/resilience4j-circuitbreaker-2.1.0.jar:/home/jaganathan/.m2/repository/io/github/resilience4j/resilience4j-bulkhead/2.1.0/resilience4j-bulkhead-2.1.0.jar:/home/jaganathan/.m2/repository/io/github/resilience4j/resilience4j-retry/2.1.0/resilience4j-retry-2.1.0.jar:/home/jaganathan/.m2/repository/io/github/resilience4j/resilience4j-cache/2.1.0/resilience4j-cache-2.1.0.jar:/home/jaganathan/.m2/repository/javax/cache/cache-api/1.1.1/cache-api-1.1.1.jar:/home/jaganathan/.m2/repository/io/github/resilience4j/resilience4j-timelimiter/2.1.0/resilience4j-timelimiter-2.1.0.jar:/home/jaganathan/.m2/repository/io/micrometer/micrometer-registry-prometheus/1.12.0/micrometer-registry-prometheus-1.12.0.jar:/home/jaganathan/.m2/repository/io/micrometer/micrometer-core/1.12.0/micrometer-core-1.12.0.jar:/home/jaganathan/.m2/repository/org/hdrhistogram/HdrHistogram/2.1.12/HdrHistogram-2.1.12.jar:/home/jaganathan/.m2/repository/org/latencyutils/LatencyUtils/2.0.3/LatencyUtils-2.0.3.jar:/home/jaganathan/.m2/repository/io/prometheus/simpleclient_common/0.16.0/simpleclient_common-0.16.0.jar:/home/jaganathan/.m2/repository/io/prometheus/simpleclient/0.16.0/simpleclient-0.16.0.jar:/home/jaganathan/.m2/repository/io/prometheus/simpleclient_tracer_otel/0.16.0/simpleclient_tracer_otel-0.16.0.jar:/home/jaganathan/.m2/repository/io/prometheus/simpleclient_tracer_common/0.16.0/simpleclient_tracer_common-0.16.0.jar:/home/jaganathan/.m2/repository/io/prometheus/simpleclient_tracer_otel_agent/0.16.0/simpleclient_tracer_otel_agent-0.16.0.jar:/home/jaganathan/.m2/repository/io/micrometer/micrometer-tracing-bridge-brave/1.2.0/micrometer-tracing-bridge-brave-1.2.0.jar:/home/jaganathan/.m2/repository/io/micrometer/micrometer-tracing/1.2.0/micrometer-tracing-1.2.0.jar:/home/jaganathan/.m2/repository/io/micrometer/context-propagation/1.1.0/context-propagation-1.1.0.jar:/home/jaganathan/.m2/repository/aopalliance/aopalliance/1.0/aopalliance-1.0.jar:/home/jaganathan/.m2/repository/io/zipkin/brave/brave/5.16.0/brave-5.16.0.jar:/home/jaganathan/.m2/repository/io/zipkin/brave/brave-context-slf4j/5.16.0/brave-context-slf4j-5.16.0.jar:/home/jaganathan/.m2/repository/io/zipkin/brave/brave-instrumentation-http/5.16.0/brave-instrumentation-http-5.16.0.jar:/home/jaganathan/.m2/repository/io/zipkin/aws/brave-propagation-aws/0.23.5/brave-propagation-aws-0.23.5.jar:/home/jaganathan/.m2/repository/org/springdoc/springdoc-openapi-starter-webflux-ui/2.2.0/springdoc-openapi-starter-webflux-ui-2.2.0.jar:/home/jaganathan/.m2/repository/org/springdoc/springdoc-openapi-starter-webflux-api/2.2.0/springdoc-openapi-starter-webflux-api-2.2.0.jar:/home/jaganathan/.m2/repository/org/springdoc/springdoc-openapi-starter-common/2.2.0/springdoc-openapi-starter-common-2.2.0.jar:/home/jaganathan/.m2/repository/io/swagger/core/v3/swagger-core-jakarta/2.2.15/swagger-core-jakarta-2.2.15.jar:/home/jaganathan/.m2/repository/org/apache/commons/commons-lang3/3.13.0/commons-lang3-3.13.0.jar:/home/jaganathan/.m2/repository/io/swagger/core/v3/swagger-annotations-jakarta/2.2.15/swagger-annotations-jakarta-2.2.15.jar:/home/jaganathan/.m2/repository/io/swagger/core/v3/swagger-models-jakarta/2.2.15/swagger-models-jakarta-2.2.15.jar:/home/jaganathan/.m2/repository/com/fasterxml/jackson/dataformat/jackson-dataformat-yaml/2.15.3/jackson-dataformat-yaml-2.15.3.jar:/home/jaganathan/.m2/repository/org/webjars/swagger-ui/5.2.0/swagger-ui-5.2.0.jar:/home/jaganathan/.m2/repository/org/springframework/boot/spring-boot-starter-test/3.2.0/spring-boot-starter-test-3.2.0.jar:/home/jaganathan/.m2/repository/org/springframework/boot/spring-boot-test/3.2.0/spring-boot-test-3.2.0.jar:/home/jaganathan/.m2/repository/org/springframework/boot/spring-boot-test-autoconfigure/3.2.0/spring-boot-test-autoconfigure-3.2.0.jar:/home/jaganathan/.m2/repository/com/jayway/jsonpath/json-path/2.8.0/json-path-2.8.0.jar:/home/jaganathan/.m2/repository/jakarta/xml/bind/jakarta.xml.bind-api/4.0.1/jakarta.xml.bind-api-4.0.1.jar:/home/jaganathan/.m2/repository/jakarta/activation/jakarta.activation-api/2.1.2/jakarta.activation-api-2.1.2.jar:/home/jaganathan/.m2/repository/net/minidev/json-smart/2.5.0/json-smart-2.5.0.jar:/home/jaganathan/.m2/repository/net/minidev/accessors-smart/2.5.0/accessors-smart-2.5.0.jar:/home/jaganathan/.m2/repository/org/ow2/asm/asm/9.3/asm-9.3.jar:/home/jaganathan/.m2/repository/org/assertj/assertj-core/3.24.2/assertj-core-3.24.2.jar:/home/jaganathan/.m2/repository/net/bytebuddy/byte-buddy/1.14.10/byte-buddy-1.14.10.jar:/home/jaganathan/.m2/repository/org/awaitility/awaitility/4.2.0/awaitility-4.2.0.jar:/home/jaganathan/.m2/repository/org/hamcrest/hamcrest/2.2/hamcrest-2.2.jar:/home/jaganathan/.m2/repository/org/junit/jupiter/junit-jupiter/5.10.1/junit-jupiter-5.10.1.jar:/home/jaganathan/.m2/repository/org/junit/jupiter/junit-jupiter-api/5.10.1/junit-jupiter-api-5.10.1.jar:/home/jaganathan/.m2/repository/org/opentest4j/opentest4j/1.3.0/opentest4j-1.3.0.jar:/home/jaganathan/.m2/repository/org/junit/platform/junit-platform-commons/1.10.1/junit-platform-commons-1.10.1.jar:/home/jaganathan/.m2/repository/org/apiguardian/apiguardian-api/1.1.2/apiguardian-api-1.1.2.jar:/home/jaganathan/.m2/repository/org/junit/jupiter/junit-jupiter-params/5.10.1/junit-jupiter-params-5.10.1.jar:/home/jaganathan/.m2/repository/org/junit/jupiter/junit-jupiter-engine/5.10.1/junit-jupiter-engine-5.10.1.jar:/home/jaganathan/.m2/repository/org/junit/platform/junit-platform-engine/1.10.1/junit-platform-engine-1.10.1.jar:/home/jaganathan/.m2/repository/org/mockito/mockito-core/5.7.0/mockito-core-5.7.0.jar:/home/jaganathan/.m2/repository/net/bytebuddy/byte-buddy-agent/1.14.10/byte-buddy-agent-1.14.10.jar:/home/jaganathan/.m2/repository/org/objenesis/objenesis/3.3/objenesis-3.3.jar:/home/jaganathan/.m2/repository/org/mockito/mockito-junit-jupiter/5.7.0/mockito-junit-jupiter-5.7.0.jar:/home/jaganathan/.m2/repository/org/skyscreamer/jsonassert/1.5.1/jsonassert-1.5.1.jar:/home/jaganathan/.m2/repository/com/vaadin/external/google/android-json/0.0.20131108.vaadin1/android-json-0.0.20131108.vaadin1.jar:/home/jaganathan/.m2/repository/org/springframework/spring-core/6.1.1/spring-core-6.1.1.jar:/home/jaganathan/.m2/repository/org/springframework/spring-jcl/6.1.1/spring-jcl-6.1.1.jar:/home/jaganathan/.m2/repository/org/springframework/spring-test/6.1.1/spring-test-6.1.1.jar:/home/jaganathan/.m2/repository/org/xmlunit/xmlunit-core/2.9.1/xmlunit-core-2.9.1.jar:/home/jaganathan/.m2/repository/io/projectreactor/reactor-test/3.6.0/reactor-test-3.6.0.jar:/home/jaganathan/.m2/repository/io/projectreactor/reactor-core/3.6.0/reactor-core-3.6.0.jar:/home/jaganathan/.m2/repository/org/testcontainers/postgresql/1.19.3/postgresql-1.19.3.jar:/home/jaganathan/.m2/repository/org/testcontainers/jdbc/1.19.3/jdbc-1.19.3.jar:/home/jaganathan/.m2/repository/org/testcontainers/database-commons/1.19.3/database-commons-1.19.3.jar:/home/jaganathan/.m2/repository/org/testcontainers/r2dbc/1.19.3/r2dbc-1.19.3.jar:/home/jaganathan/.m2/repository/org/testcontainers/testcontainers/1.19.3/testcontainers-1.19.3.jar:/home/jaganathan/.m2/repository/junit/junit/4.13.2/junit-4.13.2.jar:/home/jaganathan/.m2/repository/org/hamcrest/hamcrest-core/2.2/hamcrest-core-2.2.jar:/home/jaganathan/.m2/repository/org/apache/commons/commons-compress/1.24.0/commons-compress-1.24.0.jar:/home/jaganathan/.m2/repository/org/rnorth/duct-tape/duct-tape/1.0.8/duct-tape-1.0.8.jar:/home/jaganathan/.m2/repository/org/jetbrains/annotations/17.0.0/annotations-17.0.0.jar:/home/jaganathan/.m2/repository/com/github/docker-java/docker-java-api/3.3.4/docker-java-api-3.3.4.jar:/home/jaganathan/.m2/repository/com/github/docker-java/docker-java-transport-zerodep/3.3.4/docker-java-transport-zerodep-3.3.4.jar:/home/jaganathan/.m2/repository/com/github/docker-java/docker-java-transport/3.3.4/docker-java-transport-3.3.4.jar:/home/jaganathan/.m2/repository/net/java/dev/jna/jna/5.13.0/jna-5.13.0.jar:"/>
    <property name="java.vm.vendor" value="Ubuntu"/>
    <property name="sun.arch.data.model" value="64"/>
    <property name="java.vendor.url" value="https://ubuntu.com/"/>
    <property name="user.timezone" value="Asia/Kolkata"/>
    <property name="org.jboss.logging.provider" value="slf4j"/>
    <property name="os.name" value="Linux"/>
    <property name="java.vm.specification.version" value="21"/>
    <property name="sun.java.launcher" value="SUN_STANDARD"/>
    <property name="user.country" value="US"/>
    <property name="sun.boot.library.path" value="/usr/lib/jvm/java-21-openjdk-amd64/lib"/>
    <property name="sun.java.command" value="/home/jaganathan/AI/Week-6/lms-backend/user-service/target/surefire/surefirebooter-20250707020512782_3.jar /home/jaganathan/AI/Week-6/lms-backend/user-service/target/surefire 2025-07-07T02-05-12_664-jvmRun1 surefire-20250707020512782_1tmp surefire_0-20250707020512782_2tmp"/>
    <property name="jdk.debug" value="release"/>
    <property name="surefire.test.class.path" value="/home/jaganathan/AI/Week-6/lms-backend/user-service/target/test-classes:/home/jaganathan/AI/Week-6/lms-backend/user-service/target/classes:/home/jaganathan/.m2/repository/org/springframework/cloud/spring-cloud-starter-netflix-eureka-client/4.1.0/spring-cloud-starter-netflix-eureka-client-4.1.0.jar:/home/jaganathan/.m2/repository/org/springframework/cloud/spring-cloud-starter/4.1.0/spring-cloud-starter-4.1.0.jar:/home/jaganathan/.m2/repository/org/springframework/cloud/spring-cloud-context/4.1.0/spring-cloud-context-4.1.0.jar:/home/jaganathan/.m2/repository/org/springframework/cloud/spring-cloud-commons/4.1.0/spring-cloud-commons-4.1.0.jar:/home/jaganathan/.m2/repository/org/springframework/security/spring-security-rsa/1.1.1/spring-security-rsa-1.1.1.jar:/home/jaganathan/.m2/repository/org/bouncycastle/bcprov-jdk18on/1.74/bcprov-jdk18on-1.74.jar:/home/jaganathan/.m2/repository/org/springframework/cloud/spring-cloud-netflix-eureka-client/4.1.0/spring-cloud-netflix-eureka-client-4.1.0.jar:/home/jaganathan/.m2/repository/org/apache/httpcomponents/client5/httpclient5/5.2.1/httpclient5-5.2.1.jar:/home/jaganathan/.m2/repository/org/apache/httpcomponents/core5/httpcore5/5.2.3/httpcore5-5.2.3.jar:/home/jaganathan/.m2/repository/org/apache/httpcomponents/core5/httpcore5-h2/5.2.3/httpcore5-h2-5.2.3.jar:/home/jaganathan/.m2/repository/com/netflix/eureka/eureka-client/2.0.1/eureka-client-2.0.1.jar:/home/jaganathan/.m2/repository/com/netflix/netflix-commons/netflix-eventbus/0.3.0/netflix-eventbus-0.3.0.jar:/home/jaganathan/.m2/repository/com/netflix/netflix-commons/netflix-infix/0.3.0/netflix-infix-0.3.0.jar:/home/jaganathan/.m2/repository/commons-jxpath/commons-jxpath/1.3/commons-jxpath-1.3.jar:/home/jaganathan/.m2/repository/joda-time/joda-time/2.3/joda-time-2.3.jar:/home/jaganathan/.m2/repository/org/antlr/antlr-runtime/3.4/antlr-runtime-3.4.jar:/home/jaganathan/.m2/repository/org/antlr/stringtemplate/3.2.1/stringtemplate-3.2.1.jar:/home/jaganathan/.m2/repository/antlr/antlr/2.7.7/antlr-2.7.7.jar:/home/jaganathan/.m2/repository/com/google/code/gson/gson/2.10.1/gson-2.10.1.jar:/home/jaganathan/.m2/repository/org/apache/commons/commons-math/2.2/commons-math-2.2.jar:/home/jaganathan/.m2/repository/com/thoughtworks/xstream/xstream/1.4.19/xstream-1.4.19.jar:/home/jaganathan/.m2/repository/io/github/x-stream/mxparser/1.2.2/mxparser-1.2.2.jar:/home/jaganathan/.m2/repository/xmlpull/xmlpull/1.1.3.1/xmlpull-1.1.3.1.jar:/home/jaganathan/.m2/repository/jakarta/ws/rs/jakarta.ws.rs-api/3.1.0/jakarta.ws.rs-api-3.1.0.jar:/home/jaganathan/.m2/repository/jakarta/inject/jakarta.inject-api/2.0.1/jakarta.inject-api-2.0.1.jar:/home/jaganathan/.m2/repository/jakarta/annotation/jakarta.annotation-api/2.1.1/jakarta.annotation-api-2.1.1.jar:/home/jaganathan/.m2/repository/com/netflix/servo/servo-core/0.12.21/servo-core-0.12.21.jar:/home/jaganathan/.m2/repository/com/google/guava/guava/19.0/guava-19.0.jar:/home/jaganathan/.m2/repository/org/apache/httpcomponents/httpclient/4.5.3/httpclient-4.5.3.jar:/home/jaganathan/.m2/repository/org/apache/httpcomponents/httpcore/4.4.16/httpcore-4.4.16.jar:/home/jaganathan/.m2/repository/commons-codec/commons-codec/1.16.0/commons-codec-1.16.0.jar:/home/jaganathan/.m2/repository/commons-configuration/commons-configuration/1.10/commons-configuration-1.10.jar:/home/jaganathan/.m2/repository/commons-lang/commons-lang/2.6/commons-lang-2.6.jar:/home/jaganathan/.m2/repository/com/fasterxml/jackson/core/jackson-annotations/2.15.3/jackson-annotations-2.15.3.jar:/home/jaganathan/.m2/repository/com/fasterxml/jackson/core/jackson-core/2.15.3/jackson-core-2.15.3.jar:/home/jaganathan/.m2/repository/org/codehaus/jettison/jettison/1.4.0/jettison-1.4.0.jar:/home/jaganathan/.m2/repository/com/netflix/eureka/eureka-core/2.0.1/eureka-core-2.0.1.jar:/home/jaganathan/.m2/repository/com/fasterxml/woodstox/woodstox-core/6.2.1/woodstox-core-6.2.1.jar:/home/jaganathan/.m2/repository/org/codehaus/woodstox/stax2-api/4.2.1/stax2-api-4.2.1.jar:/home/jaganathan/.m2/repository/org/springframework/cloud/spring-cloud-starter-loadbalancer/4.1.0/spring-cloud-starter-loadbalancer-4.1.0.jar:/home/jaganathan/.m2/repository/org/springframework/cloud/spring-cloud-loadbalancer/4.1.0/spring-cloud-loadbalancer-4.1.0.jar:/home/jaganathan/.m2/repository/io/projectreactor/addons/reactor-extra/3.5.1/reactor-extra-3.5.1.jar:/home/jaganathan/.m2/repository/org/springframework/boot/spring-boot-starter-cache/3.2.0/spring-boot-starter-cache-3.2.0.jar:/home/jaganathan/.m2/repository/com/stoyanr/evictor/1.0.0/evictor-1.0.0.jar:/home/jaganathan/.m2/repository/org/springframework/boot/spring-boot-starter-data-redis/3.2.0/spring-boot-starter-data-redis-3.2.0.jar:/home/jaganathan/.m2/repository/org/springframework/boot/spring-boot-starter/3.2.0/spring-boot-starter-3.2.0.jar:/home/jaganathan/.m2/repository/org/springframework/boot/spring-boot/3.2.0/spring-boot-3.2.0.jar:/home/jaganathan/.m2/repository/org/springframework/boot/spring-boot-autoconfigure/3.2.0/spring-boot-autoconfigure-3.2.0.jar:/home/jaganathan/.m2/repository/org/springframework/boot/spring-boot-starter-logging/3.2.0/spring-boot-starter-logging-3.2.0.jar:/home/jaganathan/.m2/repository/ch/qos/logback/logback-classic/1.4.11/logback-classic-1.4.11.jar:/home/jaganathan/.m2/repository/ch/qos/logback/logback-core/1.4.11/logback-core-1.4.11.jar:/home/jaganathan/.m2/repository/org/apache/logging/log4j/log4j-to-slf4j/2.21.1/log4j-to-slf4j-2.21.1.jar:/home/jaganathan/.m2/repository/org/apache/logging/log4j/log4j-api/2.21.1/log4j-api-2.21.1.jar:/home/jaganathan/.m2/repository/org/slf4j/jul-to-slf4j/2.0.9/jul-to-slf4j-2.0.9.jar:/home/jaganathan/.m2/repository/org/yaml/snakeyaml/2.2/snakeyaml-2.2.jar:/home/jaganathan/.m2/repository/io/lettuce/lettuce-core/6.3.0.RELEASE/lettuce-core-6.3.0.RELEASE.jar:/home/jaganathan/.m2/repository/io/netty/netty-common/4.1.101.Final/netty-common-4.1.101.Final.jar:/home/jaganathan/.m2/repository/io/netty/netty-handler/4.1.101.Final/netty-handler-4.1.101.Final.jar:/home/jaganathan/.m2/repository/io/netty/netty-resolver/4.1.101.Final/netty-resolver-4.1.101.Final.jar:/home/jaganathan/.m2/repository/io/netty/netty-buffer/4.1.101.Final/netty-buffer-4.1.101.Final.jar:/home/jaganathan/.m2/repository/io/netty/netty-transport-native-unix-common/4.1.101.Final/netty-transport-native-unix-common-4.1.101.Final.jar:/home/jaganathan/.m2/repository/io/netty/netty-codec/4.1.101.Final/netty-codec-4.1.101.Final.jar:/home/jaganathan/.m2/repository/io/netty/netty-transport/4.1.101.Final/netty-transport-4.1.101.Final.jar:/home/jaganathan/.m2/repository/org/springframework/data/spring-data-redis/3.2.0/spring-data-redis-3.2.0.jar:/home/jaganathan/.m2/repository/org/springframework/data/spring-data-keyvalue/3.2.0/spring-data-keyvalue-3.2.0.jar:/home/jaganathan/.m2/repository/org/springframework/spring-tx/6.1.1/spring-tx-6.1.1.jar:/home/jaganathan/.m2/repository/org/springframework/spring-oxm/6.1.1/spring-oxm-6.1.1.jar:/home/jaganathan/.m2/repository/org/springframework/spring-context-support/6.1.1/spring-context-support-6.1.1.jar:/home/jaganathan/.m2/repository/org/springframework/boot/spring-boot-starter-amqp/3.2.0/spring-boot-starter-amqp-3.2.0.jar:/home/jaganathan/.m2/repository/org/springframework/spring-messaging/6.1.1/spring-messaging-6.1.1.jar:/home/jaganathan/.m2/repository/org/springframework/spring-beans/6.1.1/spring-beans-6.1.1.jar:/home/jaganathan/.m2/repository/org/springframework/amqp/spring-rabbit/3.1.0/spring-rabbit-3.1.0.jar:/home/jaganathan/.m2/repository/org/springframework/amqp/spring-amqp/3.1.0/spring-amqp-3.1.0.jar:/home/jaganathan/.m2/repository/org/springframework/retry/spring-retry/2.0.4/spring-retry-2.0.4.jar:/home/jaganathan/.m2/repository/com/rabbitmq/amqp-client/5.19.0/amqp-client-5.19.0.jar:/home/jaganathan/.m2/repository/org/springframework/spring-context/6.1.1/spring-context-6.1.1.jar:/home/jaganathan/.m2/repository/org/springframework/security/spring-security-crypto/6.2.0/spring-security-crypto-6.2.0.jar:/home/jaganathan/.m2/repository/org/springframework/boot/spring-boot-starter-webflux/3.2.0/spring-boot-starter-webflux-3.2.0.jar:/home/jaganathan/.m2/repository/org/springframework/boot/spring-boot-starter-json/3.2.0/spring-boot-starter-json-3.2.0.jar:/home/jaganathan/.m2/repository/com/fasterxml/jackson/datatype/jackson-datatype-jdk8/2.15.3/jackson-datatype-jdk8-2.15.3.jar:/home/jaganathan/.m2/repository/com/fasterxml/jackson/datatype/jackson-datatype-jsr310/2.15.3/jackson-datatype-jsr310-2.15.3.jar:/home/jaganathan/.m2/repository/com/fasterxml/jackson/module/jackson-module-parameter-names/2.15.3/jackson-module-parameter-names-2.15.3.jar:/home/jaganathan/.m2/repository/org/springframework/boot/spring-boot-starter-reactor-netty/3.2.0/spring-boot-starter-reactor-netty-3.2.0.jar:/home/jaganathan/.m2/repository/io/projectreactor/netty/reactor-netty-http/1.1.13/reactor-netty-http-1.1.13.jar:/home/jaganathan/.m2/repository/io/netty/netty-codec-http/4.1.101.Final/netty-codec-http-4.1.101.Final.jar:/home/jaganathan/.m2/repository/io/netty/netty-codec-http2/4.1.101.Final/netty-codec-http2-4.1.101.Final.jar:/home/jaganathan/.m2/repository/io/netty/netty-resolver-dns/4.1.101.Final/netty-resolver-dns-4.1.101.Final.jar:/home/jaganathan/.m2/repository/io/netty/netty-codec-dns/4.1.101.Final/netty-codec-dns-4.1.101.Final.jar:/home/jaganathan/.m2/repository/io/netty/netty-resolver-dns-native-macos/4.1.101.Final/netty-resolver-dns-native-macos-4.1.101.Final-osx-x86_64.jar:/home/jaganathan/.m2/repository/io/netty/netty-resolver-dns-classes-macos/4.1.101.Final/netty-resolver-dns-classes-macos-4.1.101.Final.jar:/home/jaganathan/.m2/repository/io/netty/netty-transport-native-epoll/4.1.101.Final/netty-transport-native-epoll-4.1.101.Final-linux-x86_64.jar:/home/jaganathan/.m2/repository/io/netty/netty-transport-classes-epoll/4.1.101.Final/netty-transport-classes-epoll-4.1.101.Final.jar:/home/jaganathan/.m2/repository/io/projectreactor/netty/reactor-netty-core/1.1.13/reactor-netty-core-1.1.13.jar:/home/jaganathan/.m2/repository/io/netty/netty-handler-proxy/4.1.101.Final/netty-handler-proxy-4.1.101.Final.jar:/home/jaganathan/.m2/repository/io/netty/netty-codec-socks/4.1.101.Final/netty-codec-socks-4.1.101.Final.jar:/home/jaganathan/.m2/repository/org/springframework/spring-web/6.1.1/spring-web-6.1.1.jar:/home/jaganathan/.m2/repository/org/springframework/spring-webflux/6.1.1/spring-webflux-6.1.1.jar:/home/jaganathan/.m2/repository/org/springframework/boot/spring-boot-starter-data-r2dbc/3.2.0/spring-boot-starter-data-r2dbc-3.2.0.jar:/home/jaganathan/.m2/repository/org/springframework/data/spring-data-r2dbc/3.2.0/spring-data-r2dbc-3.2.0.jar:/home/jaganathan/.m2/repository/org/springframework/data/spring-data-relational/3.2.0/spring-data-relational-3.2.0.jar:/home/jaganathan/.m2/repository/com/github/jsqlparser/jsqlparser/4.6/jsqlparser-4.6.jar:/home/jaganathan/.m2/repository/org/springframework/data/spring-data-commons/3.2.0/spring-data-commons-3.2.0.jar:/home/jaganathan/.m2/repository/org/springframework/spring-jdbc/6.1.1/spring-jdbc-6.1.1.jar:/home/jaganathan/.m2/repository/org/springframework/spring-r2dbc/6.1.1/spring-r2dbc-6.1.1.jar:/home/jaganathan/.m2/repository/io/r2dbc/r2dbc-spi/1.0.0.RELEASE/r2dbc-spi-1.0.0.RELEASE.jar:/home/jaganathan/.m2/repository/org/reactivestreams/reactive-streams/1.0.4/reactive-streams-1.0.4.jar:/home/jaganathan/.m2/repository/io/r2dbc/r2dbc-pool/1.0.1.RELEASE/r2dbc-pool-1.0.1.RELEASE.jar:/home/jaganathan/.m2/repository/io/projectreactor/addons/reactor-pool/1.0.3/reactor-pool-1.0.3.jar:/home/jaganathan/.m2/repository/org/springframework/boot/spring-boot-starter-validation/3.2.0/spring-boot-starter-validation-3.2.0.jar:/home/jaganathan/.m2/repository/org/apache/tomcat/embed/tomcat-embed-el/10.1.16/tomcat-embed-el-10.1.16.jar:/home/jaganathan/.m2/repository/org/hibernate/validator/hibernate-validator/8.0.1.Final/hibernate-validator-8.0.1.Final.jar:/home/jaganathan/.m2/repository/jakarta/validation/jakarta.validation-api/3.0.2/jakarta.validation-api-3.0.2.jar:/home/jaganathan/.m2/repository/org/jboss/logging/jboss-logging/3.5.3.Final/jboss-logging-3.5.3.Final.jar:/home/jaganathan/.m2/repository/com/fasterxml/classmate/1.6.0/classmate-1.6.0.jar:/home/jaganathan/.m2/repository/org/springframework/boot/spring-boot-starter-security/3.2.0/spring-boot-starter-security-3.2.0.jar:/home/jaganathan/.m2/repository/org/springframework/spring-aop/6.1.1/spring-aop-6.1.1.jar:/home/jaganathan/.m2/repository/org/springframework/security/spring-security-config/6.2.0/spring-security-config-6.2.0.jar:/home/jaganathan/.m2/repository/org/springframework/security/spring-security-core/6.2.0/spring-security-core-6.2.0.jar:/home/jaganathan/.m2/repository/org/springframework/security/spring-security-web/6.2.0/spring-security-web-6.2.0.jar:/home/jaganathan/.m2/repository/org/springframework/spring-expression/6.1.1/spring-expression-6.1.1.jar:/home/jaganathan/.m2/repository/org/springframework/boot/spring-boot-starter-actuator/3.2.0/spring-boot-starter-actuator-3.2.0.jar:/home/jaganathan/.m2/repository/org/springframework/boot/spring-boot-actuator-autoconfigure/3.2.0/spring-boot-actuator-autoconfigure-3.2.0.jar:/home/jaganathan/.m2/repository/org/springframework/boot/spring-boot-actuator/3.2.0/spring-boot-actuator-3.2.0.jar:/home/jaganathan/.m2/repository/io/micrometer/micrometer-observation/1.12.0/micrometer-observation-1.12.0.jar:/home/jaganathan/.m2/repository/io/micrometer/micrometer-commons/1.12.0/micrometer-commons-1.12.0.jar:/home/jaganathan/.m2/repository/io/micrometer/micrometer-jakarta9/1.12.0/micrometer-jakarta9-1.12.0.jar:/home/jaganathan/.m2/repository/org/springframework/boot/spring-boot-starter-websocket/3.2.0/spring-boot-starter-websocket-3.2.0.jar:/home/jaganathan/.m2/repository/org/springframework/boot/spring-boot-starter-web/3.2.0/spring-boot-starter-web-3.2.0.jar:/home/jaganathan/.m2/repository/org/springframework/boot/spring-boot-starter-tomcat/3.2.0/spring-boot-starter-tomcat-3.2.0.jar:/home/jaganathan/.m2/repository/org/apache/tomcat/embed/tomcat-embed-core/10.1.16/tomcat-embed-core-10.1.16.jar:/home/jaganathan/.m2/repository/org/apache/tomcat/embed/tomcat-embed-websocket/10.1.16/tomcat-embed-websocket-10.1.16.jar:/home/jaganathan/.m2/repository/org/springframework/spring-webmvc/6.1.1/spring-webmvc-6.1.1.jar:/home/jaganathan/.m2/repository/org/springframework/spring-websocket/6.1.1/spring-websocket-6.1.1.jar:/home/jaganathan/.m2/repository/org/postgresql/postgresql/42.6.0/postgresql-42.6.0.jar:/home/jaganathan/.m2/repository/org/checkerframework/checker-qual/3.31.0/checker-qual-3.31.0.jar:/home/jaganathan/.m2/repository/io/jsonwebtoken/jjwt-api/0.11.5/jjwt-api-0.11.5.jar:/home/jaganathan/.m2/repository/io/jsonwebtoken/jjwt-impl/0.11.5/jjwt-impl-0.11.5.jar:/home/jaganathan/.m2/repository/io/jsonwebtoken/jjwt-jackson/0.11.5/jjwt-jackson-0.11.5.jar:/home/jaganathan/.m2/repository/com/fasterxml/jackson/core/jackson-databind/2.15.3/jackson-databind-2.15.3.jar:/home/jaganathan/.m2/repository/io/github/resilience4j/resilience4j-spring-boot3/2.1.0/resilience4j-spring-boot3-2.1.0.jar:/home/jaganathan/.m2/repository/io/github/resilience4j/resilience4j-spring6/2.1.0/resilience4j-spring6-2.1.0.jar:/home/jaganathan/.m2/repository/io/github/resilience4j/resilience4j-annotations/2.1.0/resilience4j-annotations-2.1.0.jar:/home/jaganathan/.m2/repository/io/github/resilience4j/resilience4j-consumer/2.1.0/resilience4j-consumer-2.1.0.jar:/home/jaganathan/.m2/repository/io/github/resilience4j/resilience4j-circularbuffer/2.1.0/resilience4j-circularbuffer-2.1.0.jar:/home/jaganathan/.m2/repository/io/github/resilience4j/resilience4j-framework-common/2.1.0/resilience4j-framework-common-2.1.0.jar:/home/jaganathan/.m2/repository/org/slf4j/slf4j-api/2.0.9/slf4j-api-2.0.9.jar:/home/jaganathan/.m2/repository/io/github/resilience4j/resilience4j-micrometer/2.1.0/resilience4j-micrometer-2.1.0.jar:/home/jaganathan/.m2/repository/io/github/resilience4j/resilience4j-all/2.1.0/resilience4j-all-2.1.0.jar:/home/jaganathan/.m2/repository/io/github/resilience4j/resilience4j-ratelimiter/2.1.0/resilience4j-ratelimiter-2.1.0.jar:/home/jaganathan/.m2/repository/io/github/resilience4j/resilience4j-core/2.1.0/resilience4j-core-2.1.0.jar:/home/jaganathan/.m2/repository/io/github/resilience4j/resilience4j-circuitbreaker/2.1.0/resilience4j-circuitbreaker-2.1.0.jar:/home/jaganathan/.m2/repository/io/github/resilience4j/resilience4j-bulkhead/2.1.0/resilience4j-bulkhead-2.1.0.jar:/home/jaganathan/.m2/repository/io/github/resilience4j/resilience4j-retry/2.1.0/resilience4j-retry-2.1.0.jar:/home/jaganathan/.m2/repository/io/github/resilience4j/resilience4j-cache/2.1.0/resilience4j-cache-2.1.0.jar:/home/jaganathan/.m2/repository/javax/cache/cache-api/1.1.1/cache-api-1.1.1.jar:/home/jaganathan/.m2/repository/io/github/resilience4j/resilience4j-timelimiter/2.1.0/resilience4j-timelimiter-2.1.0.jar:/home/jaganathan/.m2/repository/io/micrometer/micrometer-registry-prometheus/1.12.0/micrometer-registry-prometheus-1.12.0.jar:/home/jaganathan/.m2/repository/io/micrometer/micrometer-core/1.12.0/micrometer-core-1.12.0.jar:/home/jaganathan/.m2/repository/org/hdrhistogram/HdrHistogram/2.1.12/HdrHistogram-2.1.12.jar:/home/jaganathan/.m2/repository/org/latencyutils/LatencyUtils/2.0.3/LatencyUtils-2.0.3.jar:/home/jaganathan/.m2/repository/io/prometheus/simpleclient_common/0.16.0/simpleclient_common-0.16.0.jar:/home/jaganathan/.m2/repository/io/prometheus/simpleclient/0.16.0/simpleclient-0.16.0.jar:/home/jaganathan/.m2/repository/io/prometheus/simpleclient_tracer_otel/0.16.0/simpleclient_tracer_otel-0.16.0.jar:/home/jaganathan/.m2/repository/io/prometheus/simpleclient_tracer_common/0.16.0/simpleclient_tracer_common-0.16.0.jar:/home/jaganathan/.m2/repository/io/prometheus/simpleclient_tracer_otel_agent/0.16.0/simpleclient_tracer_otel_agent-0.16.0.jar:/home/jaganathan/.m2/repository/io/micrometer/micrometer-tracing-bridge-brave/1.2.0/micrometer-tracing-bridge-brave-1.2.0.jar:/home/jaganathan/.m2/repository/io/micrometer/micrometer-tracing/1.2.0/micrometer-tracing-1.2.0.jar:/home/jaganathan/.m2/repository/io/micrometer/context-propagation/1.1.0/context-propagation-1.1.0.jar:/home/jaganathan/.m2/repository/aopalliance/aopalliance/1.0/aopalliance-1.0.jar:/home/jaganathan/.m2/repository/io/zipkin/brave/brave/5.16.0/brave-5.16.0.jar:/home/jaganathan/.m2/repository/io/zipkin/brave/brave-context-slf4j/5.16.0/brave-context-slf4j-5.16.0.jar:/home/jaganathan/.m2/repository/io/zipkin/brave/brave-instrumentation-http/5.16.0/brave-instrumentation-http-5.16.0.jar:/home/jaganathan/.m2/repository/io/zipkin/aws/brave-propagation-aws/0.23.5/brave-propagation-aws-0.23.5.jar:/home/jaganathan/.m2/repository/org/springdoc/springdoc-openapi-starter-webflux-ui/2.2.0/springdoc-openapi-starter-webflux-ui-2.2.0.jar:/home/jaganathan/.m2/repository/org/springdoc/springdoc-openapi-starter-webflux-api/2.2.0/springdoc-openapi-starter-webflux-api-2.2.0.jar:/home/jaganathan/.m2/repository/org/springdoc/springdoc-openapi-starter-common/2.2.0/springdoc-openapi-starter-common-2.2.0.jar:/home/jaganathan/.m2/repository/io/swagger/core/v3/swagger-core-jakarta/2.2.15/swagger-core-jakarta-2.2.15.jar:/home/jaganathan/.m2/repository/org/apache/commons/commons-lang3/3.13.0/commons-lang3-3.13.0.jar:/home/jaganathan/.m2/repository/io/swagger/core/v3/swagger-annotations-jakarta/2.2.15/swagger-annotations-jakarta-2.2.15.jar:/home/jaganathan/.m2/repository/io/swagger/core/v3/swagger-models-jakarta/2.2.15/swagger-models-jakarta-2.2.15.jar:/home/jaganathan/.m2/repository/com/fasterxml/jackson/dataformat/jackson-dataformat-yaml/2.15.3/jackson-dataformat-yaml-2.15.3.jar:/home/jaganathan/.m2/repository/org/webjars/swagger-ui/5.2.0/swagger-ui-5.2.0.jar:/home/jaganathan/.m2/repository/org/springframework/boot/spring-boot-starter-test/3.2.0/spring-boot-starter-test-3.2.0.jar:/home/jaganathan/.m2/repository/org/springframework/boot/spring-boot-test/3.2.0/spring-boot-test-3.2.0.jar:/home/jaganathan/.m2/repository/org/springframework/boot/spring-boot-test-autoconfigure/3.2.0/spring-boot-test-autoconfigure-3.2.0.jar:/home/jaganathan/.m2/repository/com/jayway/jsonpath/json-path/2.8.0/json-path-2.8.0.jar:/home/jaganathan/.m2/repository/jakarta/xml/bind/jakarta.xml.bind-api/4.0.1/jakarta.xml.bind-api-4.0.1.jar:/home/jaganathan/.m2/repository/jakarta/activation/jakarta.activation-api/2.1.2/jakarta.activation-api-2.1.2.jar:/home/jaganathan/.m2/repository/net/minidev/json-smart/2.5.0/json-smart-2.5.0.jar:/home/jaganathan/.m2/repository/net/minidev/accessors-smart/2.5.0/accessors-smart-2.5.0.jar:/home/jaganathan/.m2/repository/org/ow2/asm/asm/9.3/asm-9.3.jar:/home/jaganathan/.m2/repository/org/assertj/assertj-core/3.24.2/assertj-core-3.24.2.jar:/home/jaganathan/.m2/repository/net/bytebuddy/byte-buddy/1.14.10/byte-buddy-1.14.10.jar:/home/jaganathan/.m2/repository/org/awaitility/awaitility/4.2.0/awaitility-4.2.0.jar:/home/jaganathan/.m2/repository/org/hamcrest/hamcrest/2.2/hamcrest-2.2.jar:/home/jaganathan/.m2/repository/org/junit/jupiter/junit-jupiter/5.10.1/junit-jupiter-5.10.1.jar:/home/jaganathan/.m2/repository/org/junit/jupiter/junit-jupiter-api/5.10.1/junit-jupiter-api-5.10.1.jar:/home/jaganathan/.m2/repository/org/opentest4j/opentest4j/1.3.0/opentest4j-1.3.0.jar:/home/jaganathan/.m2/repository/org/junit/platform/junit-platform-commons/1.10.1/junit-platform-commons-1.10.1.jar:/home/jaganathan/.m2/repository/org/apiguardian/apiguardian-api/1.1.2/apiguardian-api-1.1.2.jar:/home/jaganathan/.m2/repository/org/junit/jupiter/junit-jupiter-params/5.10.1/junit-jupiter-params-5.10.1.jar:/home/jaganathan/.m2/repository/org/junit/jupiter/junit-jupiter-engine/5.10.1/junit-jupiter-engine-5.10.1.jar:/home/jaganathan/.m2/repository/org/junit/platform/junit-platform-engine/1.10.1/junit-platform-engine-1.10.1.jar:/home/jaganathan/.m2/repository/org/mockito/mockito-core/5.7.0/mockito-core-5.7.0.jar:/home/jaganathan/.m2/repository/net/bytebuddy/byte-buddy-agent/1.14.10/byte-buddy-agent-1.14.10.jar:/home/jaganathan/.m2/repository/org/objenesis/objenesis/3.3/objenesis-3.3.jar:/home/jaganathan/.m2/repository/org/mockito/mockito-junit-jupiter/5.7.0/mockito-junit-jupiter-5.7.0.jar:/home/jaganathan/.m2/repository/org/skyscreamer/jsonassert/1.5.1/jsonassert-1.5.1.jar:/home/jaganathan/.m2/repository/com/vaadin/external/google/android-json/0.0.20131108.vaadin1/android-json-0.0.20131108.vaadin1.jar:/home/jaganathan/.m2/repository/org/springframework/spring-core/6.1.1/spring-core-6.1.1.jar:/home/jaganathan/.m2/repository/org/springframework/spring-jcl/6.1.1/spring-jcl-6.1.1.jar:/home/jaganathan/.m2/repository/org/springframework/spring-test/6.1.1/spring-test-6.1.1.jar:/home/jaganathan/.m2/repository/org/xmlunit/xmlunit-core/2.9.1/xmlunit-core-2.9.1.jar:/home/jaganathan/.m2/repository/io/projectreactor/reactor-test/3.6.0/reactor-test-3.6.0.jar:/home/jaganathan/.m2/repository/io/projectreactor/reactor-core/3.6.0/reactor-core-3.6.0.jar:/home/jaganathan/.m2/repository/org/testcontainers/postgresql/1.19.3/postgresql-1.19.3.jar:/home/jaganathan/.m2/repository/org/testcontainers/jdbc/1.19.3/jdbc-1.19.3.jar:/home/jaganathan/.m2/repository/org/testcontainers/database-commons/1.19.3/database-commons-1.19.3.jar:/home/jaganathan/.m2/repository/org/testcontainers/r2dbc/1.19.3/r2dbc-1.19.3.jar:/home/jaganathan/.m2/repository/org/testcontainers/testcontainers/1.19.3/testcontainers-1.19.3.jar:/home/jaganathan/.m2/repository/junit/junit/4.13.2/junit-4.13.2.jar:/home/jaganathan/.m2/repository/org/hamcrest/hamcrest-core/2.2/hamcrest-core-2.2.jar:/home/jaganathan/.m2/repository/org/apache/commons/commons-compress/1.24.0/commons-compress-1.24.0.jar:/home/jaganathan/.m2/repository/org/rnorth/duct-tape/duct-tape/1.0.8/duct-tape-1.0.8.jar:/home/jaganathan/.m2/repository/org/jetbrains/annotations/17.0.0/annotations-17.0.0.jar:/home/jaganathan/.m2/repository/com/github/docker-java/docker-java-api/3.3.4/docker-java-api-3.3.4.jar:/home/jaganathan/.m2/repository/com/github/docker-java/docker-java-transport-zerodep/3.3.4/docker-java-transport-zerodep-3.3.4.jar:/home/jaganathan/.m2/repository/com/github/docker-java/docker-java-transport/3.3.4/docker-java-transport-3.3.4.jar:/home/jaganathan/.m2/repository/net/java/dev/jna/jna/5.13.0/jna-5.13.0.jar:"/>
    <property name="sun.cpu.endian" value="little"/>
    <property name="user.home" value="/home/jaganathan"/>
    <property name="user.language" value="en"/>
    <property name="java.specification.vendor" value="Oracle Corporation"/>
    <property name="java.version.date" value="2025-04-15"/>
    <property name="java.home" value="/usr/lib/jvm/java-21-openjdk-amd64"/>
    <property name="file.separator" value="/"/>
    <property name="basedir" value="/home/jaganathan/AI/Week-6/lms-backend/user-service"/>
    <property name="java.vm.compressedOopsMode" value="Zero based"/>
    <property name="line.separator" value="&#10;"/>
    <property name="java.vm.specification.vendor" value="Oracle Corporation"/>
    <property name="java.specification.name" value="Java Platform API Specification"/>
    <property name="FILE_LOG_CHARSET" value="UTF-8"/>
    <property name="java.awt.headless" value="true"/>
    <property name="surefire.real.class.path" value="/home/jaganathan/AI/Week-6/lms-backend/user-service/target/surefire/surefirebooter-20250707020512782_3.jar"/>
    <property name="sun.management.compiler" value="HotSpot 64-Bit Tiered Compilers"/>
    <property name="java.runtime.version" value="21.0.7+6-Ubuntu-0ubuntu122.04"/>
    <property name="LOG_CORRELATION_PATTERN" value="%correlationId"/>
    <property name="user.name" value="jaganathan"/>
    <property name="stdout.encoding" value="UTF-8"/>
    <property name="path.separator" value=":"/>
    <property name="os.version" value="6.8.0-60-generic"/>
    <property name="java.runtime.name" value="OpenJDK Runtime Environment"/>
    <property name="file.encoding" value="UTF-8"/>
    <property name="java.vm.name" value="OpenJDK 64-Bit Server VM"/>
    <property name="localRepository" value="/home/jaganathan/.m2/repository"/>
    <property name="java.vendor.url.bug" value="https://bugs.launchpad.net/ubuntu/+source/openjdk-21"/>
    <property name="java.io.tmpdir" value="/tmp"/>
    <property name="java.version" value="21.0.7"/>
    <property name="user.dir" value="/home/jaganathan/AI/Week-6/lms-backend/user-service"/>
    <property name="os.arch" value="amd64"/>
    <property name="java.vm.specification.name" value="Java Virtual Machine Specification"/>
    <property name="PID" value="11490"/>
    <property name="CONSOLE_LOG_CHARSET" value="UTF-8"/>
    <property name="native.encoding" value="UTF-8"/>
    <property name="java.library.path" value="/tmp/.mount_CursordWNITS/usr/lib/:/tmp/.mount_CursordWNITS/usr/lib32/:/tmp/.mount_CursordWNITS/usr/lib64/:/tmp/.mount_CursordWNITS/lib/:/tmp/.mount_CursordWNITS/lib/i386-linux-gnu/:/tmp/.mount_CursordWNITS/lib/x86_64-linux-gnu/:/tmp/.mount_CursordWNITS/lib/aarch64-linux-gnu/:/tmp/.mount_CursordWNITS/lib32/:/tmp/.mount_CursordWNITS/lib64/::/usr/java/packages/lib:/usr/lib/x86_64-linux-gnu/jni:/lib/x86_64-linux-gnu:/usr/lib/x86_64-linux-gnu:/usr/lib/jni:/lib:/usr/lib"/>
    <property name="java.vm.info" value="mixed mode, sharing"/>
    <property name="stderr.encoding" value="UTF-8"/>
    <property name="java.vendor" value="Ubuntu"/>
    <property name="java.vm.version" value="21.0.7+6-Ubuntu-0ubuntu122.04"/>
    <property name="sun.io.unicode.encoding" value="UnicodeLittle"/>
    <property name="java.class.version" value="65.0"/>
    <property name="LOGGED_APPLICATION_NAME" value="[user-service] "/>
  </properties>
  <testcase name="login_ValidCredentials_ReturnsAuthResponse" classname="com.lms.user.controller.AuthControllerTest" time="0.525">
    <failure message="Status expected:&lt;200 OK&gt; but was:&lt;403 FORBIDDEN&gt;" type="java.lang.AssertionError"><![CDATA[java.lang.AssertionError: Status expected:<200 OK> but was:<403 FORBIDDEN>
	at org.springframework.test.util.AssertionErrors.fail(AssertionErrors.java:59)
	at org.springframework.test.util.AssertionErrors.assertEquals(AssertionErrors.java:122)
	at org.springframework.test.web.reactive.server.StatusAssertions.lambda$assertStatusAndReturn$4(StatusAssertions.java:236)
	at org.springframework.test.web.reactive.server.ExchangeResult.assertWithDiagnostics(ExchangeResult.java:222)
	at org.springframework.test.web.reactive.server.StatusAssertions.assertStatusAndReturn(StatusAssertions.java:236)
	at org.springframework.test.web.reactive.server.StatusAssertions.isOk(StatusAssertions.java:68)
	at com.lms.user.controller.AuthControllerTest.login_ValidCredentials_ReturnsAuthResponse(AuthControllerTest.java:111)
	at java.base/java.lang.reflect.Method.invoke(Method.java:580)
	at java.base/java.util.ArrayList.forEach(ArrayList.java:1596)
	at java.base/java.util.ArrayList.forEach(ArrayList.java:1596)
]]></failure>
    <system-out><![CDATA[2025-07-07T02:05:24.402+05:30  INFO 11490 --- [user-service] [           main] [                                                 ] t.c.s.AnnotationConfigContextLoaderUtils : Could not detect default configuration classes for test class [com.lms.user.controller.AuthControllerTest]: AuthControllerTest does not declare any static, non-private, non-final, nested classes annotated with @Configuration.
2025-07-07T02:05:24.425+05:30  INFO 11490 --- [user-service] [           main] [                                                 ] .b.t.c.SpringBootTestContextBootstrapper : Found @SpringBootConfiguration com.lms.user.UserServiceApplication for test class com.lms.user.controller.AuthControllerTest

  .   ____          _            __ _ _
 /\\ / ___'_ __ _ _(_)_ __  __ _ \ \ \ \
( ( )\___ | '_ | '_| | '_ \/ _` | \ \ \ \
 \\/  ___)| |_)| | | | | || (_| |  ) ) ) )
  '  |____| .__|_| |_|_| |_\__, | / / / /
 =========|_|==============|___/=/_/_/_/
 :: Spring Boot ::                (v3.2.0)

2025-07-07T02:05:24.564+05:30  INFO 11490 --- [user-service] [           main] [                                                 ] c.l.user.controller.AuthControllerTest   : Starting AuthControllerTest using Java 21.0.7 with PID 11490 (started by jaganathan in /home/jaganathan/AI/Week-6/lms-backend/user-service)
2025-07-07T02:05:24.565+05:30 DEBUG 11490 --- [user-service] [           main] [                                                 ] c.l.user.controller.AuthControllerTest   : Running with Spring Boot v3.2.0, Spring v6.1.1
2025-07-07T02:05:24.565+05:30  INFO 11490 --- [user-service] [           main] [                                                 ] c.l.user.controller.AuthControllerTest   : The following 1 profile is active: "test"
2025-07-07T02:05:25.399+05:30  INFO 11490 --- [user-service] [           main] [                                                 ] ctiveUserDetailsServiceAutoConfiguration : 

Using generated security password: 1e1c45d3-95a6-4a98-90c4-9f1866bb6771

2025-07-07T02:05:25.467+05:30  INFO 11490 --- [user-service] [           main] [                                                 ] c.l.user.controller.AuthControllerTest   : Started AuthControllerTest in 1.036 seconds (process running for 12.53)
2025-07-07T02:05:25.994+05:30 ERROR 11490 --- [user-service] [           main] [                                                 ] o.s.t.w.reactive.server.ExchangeResult   : Request details for assertion failure:

> POST /api/v1/auth/login
> WebTestClient-Request-Id: [1]
> Content-Type: [application/json]
> Content-Length: [53]

{"email":"test@example.com","password":"password123"}

< 403 FORBIDDEN Forbidden
< Content-Type: [text/plain]
< Cache-Control: [no-cache, no-store, max-age=0, must-revalidate]
< Pragma: [no-cache]
< Expires: [0]
< X-Content-Type-Options: [nosniff]
< X-Frame-Options: [DENY]
< X-XSS-Protection: [0]
< Referrer-Policy: [no-referrer]

An expected CSRF token cannot be found

]]></system-out>
  </testcase>
  <testcase name="register_ValidRequest_ReturnsAuthResponse" classname="com.lms.user.controller.AuthControllerTest" time="0.029">
    <failure message="Status expected:&lt;201 CREATED&gt; but was:&lt;403 FORBIDDEN&gt;" type="java.lang.AssertionError"><![CDATA[java.lang.AssertionError: Status expected:<201 CREATED> but was:<403 FORBIDDEN>
	at org.springframework.test.util.AssertionErrors.fail(AssertionErrors.java:59)
	at org.springframework.test.util.AssertionErrors.assertEquals(AssertionErrors.java:122)
	at org.springframework.test.web.reactive.server.StatusAssertions.lambda$assertStatusAndReturn$4(StatusAssertions.java:236)
	at org.springframework.test.web.reactive.server.ExchangeResult.assertWithDiagnostics(ExchangeResult.java:222)
	at org.springframework.test.web.reactive.server.StatusAssertions.assertStatusAndReturn(StatusAssertions.java:236)
	at org.springframework.test.web.reactive.server.StatusAssertions.isCreated(StatusAssertions.java:75)
	at com.lms.user.controller.AuthControllerTest.register_ValidRequest_ReturnsAuthResponse(AuthControllerTest.java:77)
	at java.base/java.lang.reflect.Method.invoke(Method.java:580)
	at java.base/java.util.ArrayList.forEach(ArrayList.java:1596)
	at java.base/java.util.ArrayList.forEach(ArrayList.java:1596)
]]></failure>
    <system-out><![CDATA[2025-07-07T02:05:26.035+05:30 ERROR 11490 --- [user-service] [           main] [                                                 ] o.s.t.w.reactive.server.ExchangeResult   : Request details for assertion failure:

> POST /api/v1/auth/register
> WebTestClient-Request-Id: [2]
> Content-Type: [application/json]
> Content-Length: [92]

{"email":"test@example.com","password":"password123","fullName":"John Doe","role":"STUDENT"}

< 403 FORBIDDEN Forbidden
< Content-Type: [text/plain]
< Cache-Control: [no-cache, no-store, max-age=0, must-revalidate]
< Pragma: [no-cache]
< Expires: [0]
< X-Content-Type-Options: [nosniff]
< X-Frame-Options: [DENY]
< X-XSS-Protection: [0]
< Referrer-Policy: [no-referrer]

An expected CSRF token cannot be found

]]></system-out>
  </testcase>
  <testcase name="register_InvalidRequest_ReturnsBadRequest" classname="com.lms.user.controller.AuthControllerTest" time="0.018">
    <failure message="Status expected:&lt;400 BAD_REQUEST&gt; but was:&lt;403 FORBIDDEN&gt;" type="java.lang.AssertionError"><![CDATA[java.lang.AssertionError: Status expected:<400 BAD_REQUEST> but was:<403 FORBIDDEN>
	at org.springframework.test.util.AssertionErrors.fail(AssertionErrors.java:59)
	at org.springframework.test.util.AssertionErrors.assertEquals(AssertionErrors.java:122)
	at org.springframework.test.web.reactive.server.StatusAssertions.lambda$assertStatusAndReturn$4(StatusAssertions.java:236)
	at org.springframework.test.web.reactive.server.ExchangeResult.assertWithDiagnostics(ExchangeResult.java:222)
	at org.springframework.test.web.reactive.server.StatusAssertions.assertStatusAndReturn(StatusAssertions.java:236)
	at org.springframework.test.web.reactive.server.StatusAssertions.isBadRequest(StatusAssertions.java:131)
	at com.lms.user.controller.AuthControllerTest.register_InvalidRequest_ReturnsBadRequest(AuthControllerTest.java:130)
	at java.base/java.lang.reflect.Method.invoke(Method.java:580)
	at java.base/java.util.ArrayList.forEach(ArrayList.java:1596)
	at java.base/java.util.ArrayList.forEach(ArrayList.java:1596)
]]></failure>
    <system-out><![CDATA[2025-07-07T02:05:26.059+05:30 ERROR 11490 --- [user-service] [           main] [                                                 ] o.s.t.w.reactive.server.ExchangeResult   : Request details for assertion failure:

> POST /api/v1/auth/register
> WebTestClient-Request-Id: [3]
> Content-Type: [application/json]
> Content-Length: [67]

{"email":"invalid-email","password":"","fullName":null,"role":null}

< 403 FORBIDDEN Forbidden
< Content-Type: [text/plain]
< Cache-Control: [no-cache, no-store, max-age=0, must-revalidate]
< Pragma: [no-cache]
< Expires: [0]
< X-Content-Type-Options: [nosniff]
< X-Frame-Options: [DENY]
< X-XSS-Protection: [0]
< Referrer-Policy: [no-referrer]

An expected CSRF token cannot be found

]]></system-out>
  </testcase>
  <testcase name="login_InvalidCredentials_ReturnsUnauthorized" classname="com.lms.user.controller.AuthControllerTest" time="0.019">
    <failure message="Status expected:&lt;401 UNAUTHORIZED&gt; but was:&lt;403 FORBIDDEN&gt;" type="java.lang.AssertionError"><![CDATA[java.lang.AssertionError: Status expected:<401 UNAUTHORIZED> but was:<403 FORBIDDEN>
	at org.springframework.test.util.AssertionErrors.fail(AssertionErrors.java:59)
	at org.springframework.test.util.AssertionErrors.assertEquals(AssertionErrors.java:122)
	at org.springframework.test.web.reactive.server.StatusAssertions.lambda$assertStatusAndReturn$4(StatusAssertions.java:236)
	at org.springframework.test.web.reactive.server.ExchangeResult.assertWithDiagnostics(ExchangeResult.java:222)
	at org.springframework.test.web.reactive.server.StatusAssertions.assertStatusAndReturn(StatusAssertions.java:236)
	at org.springframework.test.web.reactive.server.StatusAssertions.isUnauthorized(StatusAssertions.java:138)
	at com.lms.user.controller.AuthControllerTest.login_InvalidCredentials_ReturnsUnauthorized(AuthControllerTest.java:149)
	at java.base/java.lang.reflect.Method.invoke(Method.java:580)
	at java.base/java.util.ArrayList.forEach(ArrayList.java:1596)
	at java.base/java.util.ArrayList.forEach(ArrayList.java:1596)
]]></failure>
    <system-out><![CDATA[2025-07-07T02:05:26.081+05:30 ERROR 11490 --- [user-service] [           main] [                                                 ] o.s.t.w.reactive.server.ExchangeResult   : Request details for assertion failure:

> POST /api/v1/auth/login
> WebTestClient-Request-Id: [4]
> Content-Type: [application/json]
> Content-Length: [55]

{"email":"test@example.com","password":"wrongpassword"}

< 403 FORBIDDEN Forbidden
< Content-Type: [text/plain]
< Cache-Control: [no-cache, no-store, max-age=0, must-revalidate]
< Pragma: [no-cache]
< Expires: [0]
< X-Content-Type-Options: [nosniff]
< X-Frame-Options: [DENY]
< X-XSS-Protection: [0]
< Referrer-Policy: [no-referrer]

An expected CSRF token cannot be found

]]></system-out>
  </testcase>
</testsuite>